Using pre-set license
Built from '2021.1/release' branch; Version is '2021.1.4f1 (4cd64a618c1b) revision 5035594'; Using compiler version '192528614'; Build Type 'Release'
OS: 'Windows 10 Home Single Language; OS build 19042.928; Version 2009; 64bit' Language: 'pt' Physical Memory: 8105 MB
BatchMode: 1, IsHumanControllingUs: 0, StartBugReporterOnCrash: 0, Is64bit: 1, IsPro: 0

 COMMAND LINE ARGUMENTS:
C:\Program Files\Unity 2021.1.4f1\Editor\Unity.exe
-adb2
-batchMode
-noUpm
-name
AssetImportWorker0
-projectPath
C:/Galaxy Shooter
-logFile
Logs/AssetImportWorker0.log
-srvPort
60128
Successfully changed project path to: C:/Galaxy Shooter
C:/Galaxy Shooter
Using Asset Import Pipeline V2.
Refreshing native plugins compatible for Editor in 257.06 ms, found 2 plugins.
Preloading 0 native plugins for Editor in 0.00 ms.
Initialize engine version: 2021.1.4f1 (4cd64a618c1b)
[Subsystems] Discovering subsystems at path C:/Program Files/Unity 2021.1.4f1/Editor/Data/Resources/UnitySubsystems
[Subsystems] Discovering subsystems at path C:/Galaxy Shooter/Assets
GfxDevice: creating device client; threaded=0; jobified=0
Direct3D:
    Version:  Direct3D 11.0 [level 11.0]
    Renderer: NVIDIA GeForce 920MX (ID=0x134f)
    Vendor:   NVIDIA
    VRAM:     2010 MB
    Driver:   24.21.13.9907
Initialize mono
Mono path[0] = 'C:/Program Files/Unity 2021.1.4f1/Editor/Data/Managed'
Mono path[1] = 'C:/Program Files/Unity 2021.1.4f1/Editor/Data/MonoBleedingEdge/lib/mono/unityjit'
Mono config path = 'C:/Program Files/Unity 2021.1.4f1/Editor/Data/MonoBleedingEdge/etc'
Using monoOptions --debugger-agent=transport=dt_socket,embedding=1,server=y,suspend=n,address=127.0.0.1:56696
Begin MonoManager ReloadAssembly
Registering precompiled unity dll's ...
Register platform support module: C:/Program Files/Unity 2021.1.4f1/Editor/Data/PlaybackEngines/WindowsStandaloneSupport/UnityEditor.WindowsStandalone.Extensions.dll
Registered in 0.003555 seconds.
Native extension for WindowsStandalone target not found
Refreshing native plugins compatible for Editor in 226.56 ms, found 2 plugins.
Preloading 0 native plugins for Editor in 0.00 ms.
Mono: successfully reloaded assembly
- Completed reload, in  5.110 seconds
Platform modules already initialized, skipping
Registering precompiled user dll's ...
Registered in 0.007848 seconds.
Begin MonoManager ReloadAssembly
Native extension for WindowsStandalone target not found
Refreshing native plugins compatible for Editor in 213.00 ms, found 2 plugins.
Preloading 0 native plugins for Editor in 0.00 ms.
Mono: successfully reloaded assembly
- Completed reload, in  2.668 seconds
Platform modules already initialized, skipping
========================================================================
Worker process is ready to serve import requests
Launched and connected shader compiler UnityShaderCompiler.exe after 0.15 seconds
Refreshing native plugins compatible for Editor in 2.51 ms, found 2 plugins.
Preloading 0 native plugins for Editor in 0.00 ms.
Unloading 3372 Unused Serialized files (Serialized files now loaded: 0)
System memory in use before: 128.5 MB.
System memory in use after: 128.6 MB.

Unloading 29 unused Assets to reduce memory usage. Loaded Objects now: 3824.
Total: 8.075600 ms (FindLiveObjects: 0.782600 ms CreateObjectMapping: 0.592200 ms MarkObjects: 6.385500 ms  DeleteObjects: 0.313100 ms)

========================================================================
Received Import Request.
  path: Assets/2D Galaxy Assets/Scripts/Player.cs
  artifactKey: Guid(55a083abf25474f41a5dc0396f2e5459) Importer(815301076,1909f56bfc062723c751e8b465ee728b)
Start importing Assets/2D Galaxy Assets/Scripts/Player.cs using Guid(55a083abf25474f41a5dc0396f2e5459) Importer(815301076,1909f56bfc062723c751e8b465ee728b)  -> (artifact id: 'afb5d167a5cda741e7b65c5d1d9bd6d0') in 0.112332 seconds 
========================================================================
Received Prepare
Refreshing native plugins compatible for Editor in 9.80 ms, found 2 plugins.
Preloading 0 native plugins for Editor in 0.00 ms.
Unloading 15 Unused Serialized files (Serialized files now loaded: 0)
System memory in use before: 61.8 MB.
System memory in use after: 61.9 MB.

Unloading 15 unused Assets to reduce memory usage. Loaded Objects now: 3824.
Total: 12.371300 ms (FindLiveObjects: 0.405300 ms CreateObjectMapping: 6.790600 ms MarkObjects: 4.986000 ms  DeleteObjects: 0.187600 ms)

========================================================================
Received Prepare
Registering precompiled user dll's ...
Registered in 0.006307 seconds.
Begin MonoManager ReloadAssembly
Native extension for WindowsStandalone target not found
Refreshing native plugins compatible for Editor in 0.73 ms, found 2 plugins.
Preloading 0 native plugins for Editor in 0.00 ms.
Mono: successfully reloaded assembly
- Completed reload, in  1.951 seconds
Platform modules already initialized, skipping
Refreshing native plugins compatible for Editor in 0.73 ms, found 2 plugins.
Preloading 0 native plugins for Editor in 0.00 ms.
Unloading 3366 Unused Serialized files (Serialized files now loaded: 0)
System memory in use before: 128.4 MB.
System memory in use after: 128.5 MB.

Unloading 17 unused Assets to reduce memory usage. Loaded Objects now: 3828.
Total: 2.862600 ms (FindLiveObjects: 0.318000 ms CreateObjectMapping: 0.241100 ms MarkObjects: 2.193900 ms  DeleteObjects: 0.108100 ms)

========================================================================
Received Prepare
Registering precompiled user dll's ...
Registered in 0.003967 seconds.
Begin MonoManager ReloadAssembly
Native extension for WindowsStandalone target not found
Refreshing native plugins compatible for Editor in 0.74 ms, found 2 plugins.
Preloading 0 native plugins for Editor in 0.00 ms.
Mono: successfully reloaded assembly
- Completed reload, in  1.333 seconds
Platform modules already initialized, skipping
Refreshing native plugins compatible for Editor in 0.82 ms, found 2 plugins.
Preloading 0 native plugins for Editor in 0.00 ms.
Unloading 3366 Unused Serialized files (Serialized files now loaded: 0)
System memory in use before: 128.5 MB.
System memory in use after: 128.6 MB.

Unloading 17 unused Assets to reduce memory usage. Loaded Objects now: 3832.
Total: 3.542900 ms (FindLiveObjects: 0.404900 ms CreateObjectMapping: 0.277500 ms MarkObjects: 2.705200 ms  DeleteObjects: 0.154000 ms)

========================================================================
Received Prepare
Registering precompiled user dll's ...
Registered in 0.004868 seconds.
Begin MonoManager ReloadAssembly
Native extension for WindowsStandalone target not found
Refreshing native plugins compatible for Editor in 1.25 ms, found 2 plugins.
Preloading 0 native plugins for Editor in 0.00 ms.
Mono: successfully reloaded assembly
- Completed reload, in  1.914 seconds
Platform modules already initialized, skipping
Refreshing native plugins compatible for Editor in 0.73 ms, found 2 plugins.
Preloading 0 native plugins for Editor in 0.00 ms.
Unloading 3366 Unused Serialized files (Serialized files now loaded: 0)
System memory in use before: 128.5 MB.
System memory in use after: 128.6 MB.

Unloading 17 unused Assets to reduce memory usage. Loaded Objects now: 3836.
Total: 2.948100 ms (FindLiveObjects: 0.327700 ms CreateObjectMapping: 0.236000 ms MarkObjects: 2.277500 ms  DeleteObjects: 0.105700 ms)

========================================================================
Received Prepare
Registering precompiled user dll's ...
Registered in 0.006969 seconds.
Begin MonoManager ReloadAssembly
Native extension for WindowsStandalone target not found
Refreshing native plugins compatible for Editor in 1.02 ms, found 2 plugins.
Preloading 0 native plugins for Editor in 0.00 ms.
Mono: successfully reloaded assembly
- Completed reload, in  1.473 seconds
Platform modules already initialized, skipping
Refreshing native plugins compatible for Editor in 0.83 ms, found 2 plugins.
Preloading 0 native plugins for Editor in 0.00 ms.
Unloading 3366 Unused Serialized files (Serialized files now loaded: 0)
System memory in use before: 128.5 MB.
System memory in use after: 128.6 MB.

Unloading 17 unused Assets to reduce memory usage. Loaded Objects now: 3840.
Total: 3.978900 ms (FindLiveObjects: 0.304600 ms CreateObjectMapping: 0.155400 ms MarkObjects: 3.404100 ms  DeleteObjects: 0.113700 ms)

========================================================================
Received Prepare
Registering precompiled user dll's ...
Registered in 0.004886 seconds.
Begin MonoManager ReloadAssembly
Native extension for WindowsStandalone target not found
Refreshing native plugins compatible for Editor in 0.72 ms, found 2 plugins.
Preloading 0 native plugins for Editor in 0.00 ms.
Mono: successfully reloaded assembly
- Completed reload, in  1.162 seconds
Platform modules already initialized, skipping
Refreshing native plugins compatible for Editor in 0.77 ms, found 2 plugins.
Preloading 0 native plugins for Editor in 0.00 ms.
Unloading 3366 Unused Serialized files (Serialized files now loaded: 0)
System memory in use before: 128.5 MB.
System memory in use after: 128.6 MB.

Unloading 17 unused Assets to reduce memory usage. Loaded Objects now: 3844.
Total: 3.641300 ms (FindLiveObjects: 0.827400 ms CreateObjectMapping: 0.259200 ms MarkObjects: 2.437300 ms  DeleteObjects: 0.115500 ms)

AssetImportWorkerClient::OnTransportError - code=2 error=End of file
